  DemoGameScene.cpp
d:\vs2017project\projects\learnopengl3\learnopengl\learnopengl\basegamescene.h(6): fatal error C1083: 无法打开包括文件: “glad/glad.h”: No such file or directory
  GLBlendingTexture.cpp
d:\vs2017project\projects\learnopengl3\learnopengl\learnopengl\globject.h(6): fatal error C1083: 无法打开包括文件: “glad/glad.h”: No such file or directory
  GLAlphaTexture.cpp
d:\vs2017project\projects\learnopengl3\learnopengl\learnopengl\globject.h(6): fatal error C1083: 无法打开包括文件: “glad/glad.h”: No such file or directory
  Camera.cpp
d:\vs2017project\projects\learnopengl3\learnopengl\learnopengl\camera.h(6): fatal error C1083: 无法打开包括文件: “glm/glm.hpp”: No such file or directory
  BaseGameScene.cpp
d:\vs2017project\projects\learnopengl3\learnopengl\learnopengl\basegamescene.h(6): fatal error C1083: 无法打开包括文件: “glad/glad.h”: No such file or directory
  GLCubeBorder.cpp
d:\vs2017project\projects\learnopengl3\learnopengl\learnopengl\globject.h(6): fatal error C1083: 无法打开包括文件: “glad/glad.h”: No such file or directory
  GLDirectionLight.cpp
d:\vs2017project\projects\learnopengl3\learnopengl\learnopengl\globject.h(6): fatal error C1083: 无法打开包括文件: “glad/glad.h”: No such file or directory
  GLFrameCube.cpp
d:\vs2017project\projects\learnopengl3\learnopengl\learnopengl\globject.h(6): fatal error C1083: 无法打开包括文件: “glad/glad.h”: No such file or directory
  GLLightMapCube.cpp
d:\vs2017project\projects\learnopengl3\learnopengl\learnopengl\globject.h(6): fatal error C1083: 无法打开包括文件: “glad/glad.h”: No such file or directory
  GLLightObject.cpp
d:\vs2017project\projects\learnopengl3\learnopengl\learnopengl\globject.h(6): fatal error C1083: 无法打开包括文件: “glad/glad.h”: No such file or directory
  GLMovingCube.cpp
d:\vs2017project\projects\learnopengl3\learnopengl\learnopengl\globject.h(6): fatal error C1083: 无法打开包括文件: “glad/glad.h”: No such file or directory
  GLObject.cpp
d:\vs2017project\projects\learnopengl3\learnopengl\learnopengl\globject.h(6): fatal error C1083: 无法打开包括文件: “glad/glad.h”: No such file or directory
  GLPointLight.cpp
d:\vs2017project\projects\learnopengl3\learnopengl\learnopengl\globject.h(6): fatal error C1083: 无法打开包括文件: “glad/glad.h”: No such file or directory
  GLPostProcessingRect.cpp
d:\vs2017project\projects\learnopengl3\learnopengl\learnopengl\globject.h(6): fatal error C1083: 无法打开包括文件: “glad/glad.h”: No such file or directory
  GLSimpleCube.cpp
d:\vs2017project\projects\learnopengl3\learnopengl\learnopengl\globject.h(6): fatal error C1083: 无法打开包括文件: “glad/glad.h”: No such file or directory
  GLSimpleLight.cpp
d:\vs2017project\projects\learnopengl3\learnopengl\learnopengl\globject.h(6): fatal error C1083: 无法打开包括文件: “glad/glad.h”: No such file or directory
  GLSimpleMaterial.cpp
d:\vs2017project\projects\learnopengl3\learnopengl\learnopengl\globject.h(6): fatal error C1083: 无法打开包括文件: “glad/glad.h”: No such file or directory
  GLSimpleRect.cpp
d:\vs2017project\projects\learnopengl3\learnopengl\learnopengl\globject.h(6): fatal error C1083: 无法打开包括文件: “glad/glad.h”: No such file or directory
  GLSimpleTexture.cpp
d:\vs2017project\projects\learnopengl3\learnopengl\learnopengl\globject.h(6): fatal error C1083: 无法打开包括文件: “glad/glad.h”: No such file or directory
  GLSkyBox.cpp
d:\vs2017project\projects\learnopengl3\learnopengl\learnopengl\globject.h(6): fatal error C1083: 无法打开包括文件: “glad/glad.h”: No such file or directory
  正在编译...
  GLSpotLight.cpp
d:\vs2017project\projects\learnopengl3\learnopengl\learnopengl\globject.h(6): fatal error C1083: 无法打开包括文件: “glad/glad.h”: No such file or directory
  Initializer.cpp
d:\vs2017project\projects\learnopengl3\learnopengl\learnopengl\initializer.h(3): fatal error C1083: 无法打开包括文件: “glad/glad.h”: No such file or directory
  main.cpp
d:\vs2017project\projects\learnopengl3\learnopengl\learnopengl\main.cpp(3): fatal error C1083: 无法打开包括文件: “glad/glad.h”: No such file or directory
  Mesh.cpp
d:\vs2017project\projects\learnopengl3\learnopengl\learnopengl\mesh.h(3): fatal error C1083: 无法打开包括文件: “glad/glad.h”: No such file or directory
  Model.cpp
d:\vs2017project\projects\learnopengl3\learnopengl\learnopengl\model.h(3): fatal error C1083: 无法打开包括文件: “assimp/Importer.hpp”: No such file or directory
  OffScreenRenderer.cpp
d:\vs2017project\projects\learnopengl3\learnopengl\learnopengl\offscreenrenderer.h(3): fatal error C1083: 无法打开包括文件: “glad/glad.h”: No such file or directory
  TextureLoader.cpp
d:\vs2017project\projects\learnopengl3\learnopengl\learnopengl\textureloader.h(9): fatal error C1083: 无法打开包括文件: “glad/glad.h”: No such file or directory
