  BaseGameScene.cpp
d:\vs2017project\projects\learnopengl3\learnopengl\learnopengl\basegamescene.cpp(87): warning C4316: “GLPostProcessingRect”: 在堆上分配的对象可能不是对齐 16
d:\vs2017project\projects\learnopengl3\learnopengl\learnopengl\basegamescene.cpp(181): warning C4244: “参数”: 从“double”转换到“float”，可能丢失数据
d:\vs2017project\projects\learnopengl3\learnopengl\learnopengl\basegamescene.cpp(182): warning C4244: “参数”: 从“double”转换到“float”，可能丢失数据
  DemoGameScene.cpp
d:\vs2017project\projects\learnopengl3\learnopengl\learnopengl\demogamescene.cpp(6): warning C4316: “GLSkyBox”: 在堆上分配的对象可能不是对齐 16
d:\vs2017project\projects\learnopengl3\learnopengl\learnopengl\demogamescene.cpp(8): warning C4316: “GLSpotLight”: 在堆上分配的对象可能不是对齐 16
d:\vs2017project\projects\learnopengl3\learnopengl\learnopengl\demogamescene.cpp(12): warning C4316: “GLDirectionLight”: 在堆上分配的对象可能不是对齐 16
d:\vs2017project\projects\learnopengl3\learnopengl\learnopengl\demogamescene.cpp(18): warning C4316: “GLPointLight”: 在堆上分配的对象可能不是对齐 16
d:\vs2017project\projects\learnopengl3\learnopengl\learnopengl\demogamescene.cpp(25): warning C4316: “GLObject”: 在堆上分配的对象可能不是对齐 16
d:\vs2017project\projects\learnopengl3\learnopengl\learnopengl\demogamescene.cpp(30): warning C4316: “GLObject”: 在堆上分配的对象可能不是对齐 16
d:\vs2017project\projects\learnopengl3\learnopengl\learnopengl\demogamescene.cpp(34): warning C4316: “GLLightMapCube”: 在堆上分配的对象可能不是对齐 16
d:\vs2017project\projects\learnopengl3\learnopengl\learnopengl\demogamescene.cpp(35): warning C4316: “GLBlendingTexture”: 在堆上分配的对象可能不是对齐 16
d:\vs2017project\projects\learnopengl3\learnopengl\learnopengl\demogamescene.cpp(36): warning C4316: “GLBlendingTexture”: 在堆上分配的对象可能不是对齐 16
d:\vs2017project\projects\learnopengl3\learnopengl\learnopengl\demogamescene.cpp(37): warning C4316: “GLBlendingTexture”: 在堆上分配的对象可能不是对齐 16
d:\vs2017project\projects\learnopengl3\learnopengl\learnopengl\demogamescene.cpp(39): warning C4316: “GLFrameCube”: 在堆上分配的对象可能不是对齐 16
d:\vs2017project\projects\learnopengl3\learnopengl\learnopengl\demogamescene.cpp(40): warning C4316: “GLFrameCube”: 在堆上分配的对象可能不是对齐 16
d:\vs2017project\projects\learnopengl3\learnopengl\learnopengl\demogamescene.cpp(41): warning C4316: “GLFrameCube”: 在堆上分配的对象可能不是对齐 16
d:\vs2017project\projects\learnopengl3\learnopengl\learnopengl\demogamescene.cpp(43): warning C4316: “GLAlphaTexture”: 在堆上分配的对象可能不是对齐 16
d:\vs2017project\projects\learnopengl3\learnopengl\learnopengl\demogamescene.cpp(44): warning C4316: “GLAlphaTexture”: 在堆上分配的对象可能不是对齐 16
d:\vs2017project\projects\learnopengl3\learnopengl\learnopengl\demogamescene.cpp(45): warning C4316: “GLAlphaTexture”: 在堆上分配的对象可能不是对齐 16
d:\vs2017project\projects\learnopengl3\learnopengl\learnopengl\demogamescene.cpp(46): warning C4316: “GLAlphaTexture”: 在堆上分配的对象可能不是对齐 16
d:\vs2017project\projects\learnopengl3\learnopengl\learnopengl\demogamescene.cpp(47): warning C4316: “GLAlphaTexture”: 在堆上分配的对象可能不是对齐 16
d:\vs2017project\projects\learnopengl3\learnopengl\learnopengl\demogamescene.cpp(48): warning C4316: “GLAlphaTexture”: 在堆上分配的对象可能不是对齐 16
d:\vs2017project\projects\learnopengl3\learnopengl\learnopengl\demogamescene.cpp(49): warning C4316: “GLAlphaTexture”: 在堆上分配的对象可能不是对齐 16
d:\vs2017project\projects\learnopengl3\learnopengl\learnopengl\demogamescene.cpp(50): warning C4316: “GLAlphaTexture”: 在堆上分配的对象可能不是对齐 16
d:\vs2017project\projects\learnopengl3\learnopengl\learnopengl\demogamescene.cpp(51): warning C4316: “GLAlphaTexture”: 在堆上分配的对象可能不是对齐 16
d:\vs2017project\projects\learnopengl3\learnopengl\learnopengl\demogamescene.cpp(52): warning C4316: “GLAlphaTexture”: 在堆上分配的对象可能不是对齐 16
d:\vs2017project\projects\learnopengl3\learnopengl\learnopengl\demogamescene.cpp(53): warning C4316: “GLAlphaTexture”: 在堆上分配的对象可能不是对齐 16
d:\vs2017project\projects\learnopengl3\learnopengl\learnopengl\demogamescene.cpp(54): warning C4316: “GLAlphaTexture”: 在堆上分配的对象可能不是对齐 16
d:\vs2017project\projects\learnopengl3\learnopengl\learnopengl\demogamescene.cpp(55): warning C4316: “GLAlphaTexture”: 在堆上分配的对象可能不是对齐 16
d:\vs2017project\projects\learnopengl3\learnopengl\learnopengl\demogamescene.cpp(56): warning C4316: “GLAlphaTexture”: 在堆上分配的对象可能不是对齐 16
d:\vs2017project\projects\learnopengl3\learnopengl\learnopengl\demogamescene.cpp(57): warning C4316: “GLAlphaTexture”: 在堆上分配的对象可能不是对齐 16
d:\vs2017project\projects\learnopengl3\learnopengl\learnopengl\demogamescene.cpp(58): warning C4316: “GLSimpleCube”: 在堆上分配的对象可能不是对齐 16
d:\vs2017project\projects\learnopengl3\learnopengl\learnopengl\demogamescene.cpp(60): warning C4316: “GLMovingCube”: 在堆上分配的对象可能不是对齐 16
  GLAlphaTexture.cpp
  GLBlendingTexture.cpp
  GLCubeBorder.cpp
  GLDirectionLight.cpp
  GLFrameCube.cpp
  GLLightMapCube.cpp
  GLLightObject.cpp
  GLMovingCube.cpp
  GLObject.cpp
  GLPointLight.cpp
  GLPostProcessingRect.cpp
  GLSimpleCube.cpp
  GLSimpleLight.cpp
  GLSimpleMaterial.cpp
  GLSimpleRect.cpp
  GLSimpleTexture.cpp
  GLSkyBox.cpp
  GLSpotLight.cpp
  正在生成代码...
  正在编译...
  Initializer.cpp
  Mesh.cpp
  Model.cpp
  OffScreenRenderer.cpp
  main.cpp
d:\vs2017project\projects\learnopengl3\learnopengl\learnopengl\main.cpp(57): warning C4244: “参数”: 从“double”转换到“float”，可能丢失数据
  正在生成代码...
  LearnOpenGL.vcxproj -> D:\VS2017Project\Projects\LearnOpenGL3\LearnOpenGL\Debug\LearnOpenGL.exe
