d:\vs2017project\projects\learnopengl3\learnopengl\learnopengl\debug\vc141.pdb
d:\vs2017project\projects\learnopengl3\learnopengl\learnopengl\debug\vc141.idb
d:\vs2017project\projects\learnopengl3\learnopengl\learnopengl\debug\textureloader.obj
d:\vs2017project\projects\learnopengl3\learnopengl\learnopengl\debug\glsimpletexture.obj
d:\vs2017project\projects\learnopengl3\learnopengl\learnopengl\debug\glsimplerect.obj
d:\vs2017project\projects\learnopengl3\learnopengl\learnopengl\debug\glsimplecube.obj
d:\vs2017project\projects\learnopengl3\learnopengl\learnopengl\debug\globject.obj
d:\vs2017project\projects\learnopengl3\learnopengl\learnopengl\debug\gamesceneinput.obj
d:\vs2017project\projects\learnopengl3\learnopengl\learnopengl\debug\camera.obj
d:\vs2017project\projects\learnopengl3\learnopengl\learnopengl\debug\glad.obj
d:\vs2017project\projects\learnopengl3\learnopengl\learnopengl\debug\main.obj
d:\vs2017project\projects\learnopengl3\learnopengl\learnopengl\debug\gamescene.obj
d:\vs2017project\projects\learnopengl3\learnopengl\debug\learnopengl.pdb
d:\vs2017project\projects\learnopengl3\learnopengl\learnopengl\debug\learnopengl.tlog\cl.command.1.tlog
d:\vs2017project\projects\learnopengl3\learnopengl\learnopengl\debug\learnopengl.tlog\cl.read.1.tlog
d:\vs2017project\projects\learnopengl3\learnopengl\learnopengl\debug\learnopengl.tlog\cl.write.1.tlog
d:\vs2017project\projects\learnopengl3\learnopengl\learnopengl\debug\learnopengl.tlog\link-cvtres.read.1.tlog
d:\vs2017project\projects\learnopengl3\learnopengl\learnopengl\debug\learnopengl.tlog\link-cvtres.write.1.tlog
d:\vs2017project\projects\learnopengl3\learnopengl\learnopengl\debug\learnopengl.tlog\link-rc.read.1.tlog
d:\vs2017project\projects\learnopengl3\learnopengl\learnopengl\debug\learnopengl.tlog\link-rc.write.1.tlog
d:\vs2017project\projects\learnopengl3\learnopengl\learnopengl\debug\learnopengl.tlog\link.16320-cvtres.read.1.tlog
d:\vs2017project\projects\learnopengl3\learnopengl\learnopengl\debug\learnopengl.tlog\link.16320-cvtres.write.1.tlog
d:\vs2017project\projects\learnopengl3\learnopengl\learnopengl\debug\learnopengl.tlog\link.16320-rc.read.1.tlog
d:\vs2017project\projects\learnopengl3\learnopengl\learnopengl\debug\learnopengl.tlog\link.16320-rc.write.1.tlog
d:\vs2017project\projects\learnopengl3\learnopengl\learnopengl\debug\learnopengl.tlog\link.16320.read.1.tlog
d:\vs2017project\projects\learnopengl3\learnopengl\learnopengl\debug\learnopengl.tlog\link.16320.write.1.tlog
d:\vs2017project\projects\learnopengl3\learnopengl\learnopengl\debug\learnopengl.tlog\link.command.1.tlog
d:\vs2017project\projects\learnopengl3\learnopengl\learnopengl\debug\learnopengl.tlog\link.read.1.tlog
d:\vs2017project\projects\learnopengl3\learnopengl\learnopengl\debug\learnopengl.tlog\link.write.1.tlog
